CustomLib/build/intermediates/manifest_merge_blame_file/debug/manifest-merger-blame-debug-report.txt
1<?xml version="1.0" encoding="utf-8"?>
2<manifest xmlns:android="http://schemas.android.com/apk/res/android"
3    package="com.mma.android.customlib" >
4
5    <uses-sdk
6        android:minSdkVersion="21"
6-->src/main/AndroidManifest.xml
7        android:targetSdkVersion="31" />
7-->src/main/AndroidManifest.xml
8
9    <application>
9-->src/main/AndroidManifest.xml:5:5-11:19
10        <activity
10-->src/main/AndroidManifest.xml:6:9-10:74
11            android:name="com.mma.android.customlib.ListFavorit"
11-->src/main/AndroidManifest.xml:7:13-40
12            android:exported="false"
12-->src/main/AndroidManifest.xml:8:13-37
13            android:label="@string/title_activity_list_favorit"
13-->src/main/AndroidManifest.xml:9:13-64
14            android:theme="@style/Theme.CustomUtilExample.NoActionBar" />
14-->src/main/AndroidManifest.xml:10:13-71
15    </application>
16
17</manifest>